<?xml version="1.0" encoding="UTF-8"?>
<!-- Generated by org.testng.reporters.JUnitXMLReporter -->
<testsuite hostname="DESKTOP-RLPJLFH" ignored="0" name="Default test" tests="3" failures="0" timestamp="01 Jun 2018 06:40:33 GMT" time="49.586" errors="0">
  <testcase name="loginPageTitleTest" time="0.044" classname="com.QA.TestClasses.LoginPageTest"/>
  <testcase name="crmLogoImageTest" time="0.123" classname="com.QA.TestClasses.LoginPageTest"/>
  <testcase name="loginTest" time="6.826" classname="com.QA.TestClasses.LoginPageTest"/>
</testsuite> <!-- Default test -->
