<?xml version="1.0" encoding="UTF-8"?>
<!-- Generated by org.testng.reporters.JUnitXMLReporter -->
<testsuite hostname="DESKTOP-RLPJLFH" ignored="0" name="FreeCRM App Test" tests="3" failures="0" timestamp="01 Jun 2018 06:45:03 GMT" time="43.995" errors="0">
  <testcase name="loginPageTitleTest" time="0.039" classname="com.QA.TestClasses.LoginPageTest"/>
  <testcase name="crmLogoImageTest" time="0.072" classname="com.QA.TestClasses.LoginPageTest"/>
  <testcase name="loginTest" time="4.844" classname="com.QA.TestClasses.LoginPageTest"/>
</testsuite> <!-- FreeCRM App Test -->
