<?xml version="1.0" encoding="UTF-8"?>
<testng-results skipped="0" failed="0" ignored="0" total="3" passed="3">
  <reporter-output>
  </reporter-output>
  <suite name="FreeCRM Test Automation Suite" duration-ms="43995" started-at="2018-06-01T06:44:19Z" finished-at="2018-06-01T06:45:03Z">
    <groups>
    </groups>
    <test name="FreeCRM App Test" duration-ms="43995" started-at="2018-06-01T06:44:19Z" finished-at="2018-06-01T06:45:03Z">
      <class name="com.QA.TestClasses.LoginPageTest">
        <test-method status="PASS" signature="setUp()[pri:0, instance:com.QA.TestClasses.LoginPageTest@589838eb]" name="setUp" is-config="true" duration-ms="13822" started-at="2018-06-01T06:44:19Z" finished-at="2018-06-01T06:44:33Z">
          <reporter-output>
          </reporter-output>
        </test-method> <!-- setUp -->
        <test-method status="PASS" signature="loginPageTitleTest()[pri:1, instance:com.QA.TestClasses.LoginPageTest@589838eb]" name="loginPageTitleTest" duration-ms="39" started-at="2018-06-01T06:44:33Z" finished-at="2018-06-01T06:44:33Z">
          <reporter-output>
          </reporter-output>
        </test-method> <!-- loginPageTitleTest -->
        <test-method status="PASS" signature="tearDown()[pri:0, instance:com.QA.TestClasses.LoginPageTest@589838eb]" name="tearDown" is-config="true" duration-ms="662" started-at="2018-06-01T06:44:33Z" finished-at="2018-06-01T06:44:34Z">
          <reporter-output>
          </reporter-output>
        </test-method> <!-- tearDown -->
        <test-method status="PASS" signature="setUp()[pri:0, instance:com.QA.TestClasses.LoginPageTest@589838eb]" name="setUp" is-config="true" duration-ms="12108" started-at="2018-06-01T06:44:34Z" finished-at="2018-06-01T06:44:46Z">
          <reporter-output>
          </reporter-output>
        </test-method> <!-- setUp -->
        <test-method status="PASS" signature="crmLogoImageTest()[pri:2, instance:com.QA.TestClasses.LoginPageTest@589838eb]" name="crmLogoImageTest" duration-ms="72" started-at="2018-06-01T06:44:46Z" finished-at="2018-06-01T06:44:46Z">
          <reporter-output>
          </reporter-output>
        </test-method> <!-- crmLogoImageTest -->
        <test-method status="PASS" signature="tearDown()[pri:0, instance:com.QA.TestClasses.LoginPageTest@589838eb]" name="tearDown" is-config="true" duration-ms="640" started-at="2018-06-01T06:44:46Z" finished-at="2018-06-01T06:44:47Z">
          <reporter-output>
          </reporter-output>
        </test-method> <!-- tearDown -->
        <test-method status="PASS" signature="setUp()[pri:0, instance:com.QA.TestClasses.LoginPageTest@589838eb]" name="setUp" is-config="true" duration-ms="10808" started-at="2018-06-01T06:44:47Z" finished-at="2018-06-01T06:44:57Z">
          <reporter-output>
          </reporter-output>
        </test-method> <!-- setUp -->
        <test-method status="PASS" signature="loginTest()[pri:3, instance:com.QA.TestClasses.LoginPageTest@589838eb]" name="loginTest" duration-ms="4844" started-at="2018-06-01T06:44:57Z" finished-at="2018-06-01T06:45:02Z">
          <reporter-output>
          </reporter-output>
        </test-method> <!-- loginTest -->
        <test-method status="PASS" signature="tearDown()[pri:0, instance:com.QA.TestClasses.LoginPageTest@589838eb]" name="tearDown" is-config="true" duration-ms="942" started-at="2018-06-01T06:45:02Z" finished-at="2018-06-01T06:45:03Z">
          <reporter-output>
          </reporter-output>
        </test-method> <!-- tearDown -->
      </class> <!-- com.QA.TestClasses.LoginPageTest -->
    </test> <!-- FreeCRM App Test -->
  </suite> <!-- FreeCRM Test Automation Suite -->
</testng-results>
